<?xml version="1.0" encoding="UTF-8"?>
<testng-results skipped="1" failed="0" ignored="0" total="1" passed="0">
  <reporter-output>
  </reporter-output>
  <suite name="Default suite" duration-ms="123" started-at="2023-03-26T15:45:11 MESZ" finished-at="2023-03-26T15:45:11 MESZ">
    <groups>
    </groups>
    <test name="Default test" duration-ms="123" started-at="2023-03-26T15:45:11 MESZ" finished-at="2023-03-26T15:45:11 MESZ">
      <class name="testCases.FensterWechseln">
        <test-method status="FAIL" signature="setUp()[pri:0, instance:testCases.FensterWechseln@55a1c291]" name="setUp" is-config="true" duration-ms="4600" started-at="2023-03-26T15:45:07 MESZ" finished-at="2023-03-26T15:45:11 MESZ">
          <exception class="org.openqa.selenium.SessionNotCreatedException">
            <message>
              <![CDATA[session not created: This version of ChromeDriver only supports Chrome version 92
Current browser version is 111.0.5563.111 with binary path C:\Program Files\Google\Chrome\Application\chrome.exe
Build info: version: '3.141.59', revision: 'e82be7d358', time: '2018-11-14T08:17:03'
System info: host: 'DESKTOP-L0UKPJR', ip: '172.20.10.13', os.name: 'Windows 10', os.arch: 'amd64', os.version: '10.0', java.version: '1.8.0_251'
Driver info: driver.version: ChromeDriver
remote stacktrace: Backtrace:
Ordinal0 [0x00B85843+2512963]
Ordinal0 [0x00B1EED1+2092753]
Ordinal0 [0x00A21F48+1056584]
Ordinal0 [0x00A401AA+1180074]
Ordinal0 [0x00A3C0C5+1163461]
Ordinal0 [0x00A3990F+1153295]
Ordinal0 [0x00A6994F+1349967]
Ordinal0 [0x00A695BA+1349050]
Ordinal0 [0x00A654BB+1332411]
Ordinal0 [0x00A41D14+1187092]
Ordinal0 [0x00A42B79+1190777]
GetHandleVerifier [0x00D00C56+1501718]
GetHandleVerifier [0x00DAE97F+2213695]
GetHandleVerifier [0x00C08C92+485970]
GetHandleVerifier [0x00C07D59+482073]
Ordinal0 [0x00B2471D+2115357]
Ordinal0 [0x00B28678+2131576]
Ordinal0 [0x00B287B2+2131890]
Ordinal0 [0x00B31971+2169201]
BaseThreadInitThunk [0x772900F9+25]
RtlGetAppContainerNamedObjectPath [0x77C67BBE+286]
RtlGetAppContainerNamedObjectPath [0x77C67B8E+238]
]]>
            </message>
            <full-stacktrace>
              <![CDATA[org.openqa.selenium.SessionNotCreatedException: session not created: This version of ChromeDriver only supports Chrome version 92
Current browser version is 111.0.5563.111 with binary path C:\Program Files\Google\Chrome\Application\chrome.exe
Build info: version: '3.141.59', revision: 'e82be7d358', time: '2018-11-14T08:17:03'
System info: host: 'DESKTOP-L0UKPJR', ip: '172.20.10.13', os.name: 'Windows 10', os.arch: 'amd64', os.version: '10.0', java.version: '1.8.0_251'
Driver info: driver.version: ChromeDriver
remote stacktrace: Backtrace:
Ordinal0 [0x00B85843+2512963]
Ordinal0 [0x00B1EED1+2092753]
Ordinal0 [0x00A21F48+1056584]
Ordinal0 [0x00A401AA+1180074]
Ordinal0 [0x00A3C0C5+1163461]
Ordinal0 [0x00A3990F+1153295]
Ordinal0 [0x00A6994F+1349967]
Ordinal0 [0x00A695BA+1349050]
Ordinal0 [0x00A654BB+1332411]
Ordinal0 [0x00A41D14+1187092]
Ordinal0 [0x00A42B79+1190777]
GetHandleVerifier [0x00D00C56+1501718]
GetHandleVerifier [0x00DAE97F+2213695]
GetHandleVerifier [0x00C08C92+485970]
GetHandleVerifier [0x00C07D59+482073]
Ordinal0 [0x00B2471D+2115357]
Ordinal0 [0x00B28678+2131576]
Ordinal0 [0x00B287B2+2131890]
Ordinal0 [0x00B31971+2169201]
BaseThreadInitThunk [0x772900F9+25]
RtlGetAppContainerNamedObjectPath [0x77C67BBE+286]
RtlGetAppContainerNamedObjectPath [0x77C67B8E+238]

at sun.reflect.NativeConstructorAccessorImpl.newInstance0(Native Method)
at sun.reflect.NativeConstructorAccessorImpl.newInstance(NativeConstructorAccessorImpl.java:62)
at sun.reflect.DelegatingConstructorAccessorImpl.newInstance(DelegatingConstructorAccessorImpl.java:45)
at java.lang.reflect.Constructor.newInstance(Constructor.java:423)
at org.openqa.selenium.remote.W3CHandshakeResponse.lambda$errorHandler$0(W3CHandshakeResponse.java:62)
at org.openqa.selenium.remote.HandshakeResponse.lambda$getResponseFunction$0(HandshakeResponse.java:30)
at org.openqa.selenium.remote.ProtocolHandshake.lambda$createSession$0(ProtocolHandshake.java:126)
at java.util.stream.ReferencePipeline$3$1.accept(ReferencePipeline.java:193)
at java.util.Spliterators$ArraySpliterator.tryAdvance(Spliterators.java:958)
at java.util.stream.ReferencePipeline.forEachWithCancel(ReferencePipeline.java:126)
at java.util.stream.AbstractPipeline.copyIntoWithCancel(AbstractPipeline.java:499)
at java.util.stream.AbstractPipeline.copyInto(AbstractPipeline.java:486)
at java.util.stream.AbstractPipeline.wrapAndCopyInto(AbstractPipeline.java:472)
at java.util.stream.FindOps$FindOp.evaluateSequential(FindOps.java:152)
at java.util.stream.AbstractPipeline.evaluate(AbstractPipeline.java:234)
at java.util.stream.ReferencePipeline.findFirst(ReferencePipeline.java:464)
at org.openqa.selenium.remote.ProtocolHandshake.createSession(ProtocolHandshake.java:128)
at org.openqa.selenium.remote.ProtocolHandshake.createSession(ProtocolHandshake.java:74)
at org.openqa.selenium.remote.HttpCommandExecutor.execute(HttpCommandExecutor.java:136)
at org.openqa.selenium.remote.service.DriverCommandExecutor.execute(DriverCommandExecutor.java:83)
at org.openqa.selenium.remote.RemoteWebDriver.execute(RemoteWebDriver.java:552)
at org.openqa.selenium.remote.RemoteWebDriver.startSession(RemoteWebDriver.java:213)
at org.openqa.selenium.remote.RemoteWebDriver.<init>(RemoteWebDriver.java:131)
at org.openqa.selenium.chrome.ChromeDriver.<init>(ChromeDriver.java:181)
at org.openqa.selenium.chrome.ChromeDriver.<init>(ChromeDriver.java:168)
at org.openqa.selenium.chrome.ChromeDriver.<init>(ChromeDriver.java:123)
at utilities.TestBase.setUp(TestBase.java:18)
at sun.reflect.NativeMethodAccessorImpl.invoke0(Native Method)
at sun.reflect.NativeMethodAccessorImpl.invoke(NativeMethodAccessorImpl.java:62)
at sun.reflect.DelegatingMethodAccessorImpl.invoke(DelegatingMethodAccessorImpl.java:43)
at java.lang.reflect.Method.invoke(Method.java:498)
at org.testng.internal.MethodInvocationHelper.invokeMethod(MethodInvocationHelper.java:133)
at org.testng.internal.MethodInvocationHelper.invokeMethodConsideringTimeout(MethodInvocationHelper.java:62)
at org.testng.internal.ConfigInvoker.invokeConfigurationMethod(ConfigInvoker.java:385)
at org.testng.internal.ConfigInvoker.invokeConfigurations(ConfigInvoker.java:321)
at org.testng.SuiteRunner.privateRun(SuiteRunner.java:317)
at org.testng.SuiteRunner.run(SuiteRunner.java:276)
at org.testng.SuiteRunnerWorker.runSuite(SuiteRunnerWorker.java:53)
at org.testng.SuiteRunnerWorker.run(SuiteRunnerWorker.java:96)
at org.testng.TestNG.runSuitesSequentially(TestNG.java:1212)
at org.testng.TestNG.runSuitesLocally(TestNG.java:1134)
at org.testng.TestNG.runSuites(TestNG.java:1063)
at org.testng.TestNG.run(TestNG.java:1031)
at org.testng.remote.AbstractRemoteTestNG.run(AbstractRemoteTestNG.java:115)
at org.testng.remote.RemoteTestNG.initAndRun(RemoteTestNG.java:251)
at org.testng.remote.RemoteTestNG.main(RemoteTestNG.java:77)
]]>
            </full-stacktrace>
          </exception> <!-- org.openqa.selenium.SessionNotCreatedException -->
          <reporter-output>
          </reporter-output>
        </test-method> <!-- setUp -->
        <test-method status="SKIP" signature="fensterWechselnTest()[pri:0, instance:testCases.FensterWechseln@55a1c291]" name="fensterWechselnTest" duration-ms="0" started-at="2023-03-26T15:45:11 MESZ" finished-at="2023-03-26T15:45:11 MESZ">
          <exception class="org.openqa.selenium.SessionNotCreatedException">
            <message>
              <![CDATA[session not created: This version of ChromeDriver only supports Chrome version 92
Current browser version is 111.0.5563.111 with binary path C:\Program Files\Google\Chrome\Application\chrome.exe
Build info: version: '3.141.59', revision: 'e82be7d358', time: '2018-11-14T08:17:03'
System info: host: 'DESKTOP-L0UKPJR', ip: '172.20.10.13', os.name: 'Windows 10', os.arch: 'amd64', os.version: '10.0', java.version: '1.8.0_251'
Driver info: driver.version: ChromeDriver
remote stacktrace: Backtrace:
Ordinal0 [0x00B85843+2512963]
Ordinal0 [0x00B1EED1+2092753]
Ordinal0 [0x00A21F48+1056584]
Ordinal0 [0x00A401AA+1180074]
Ordinal0 [0x00A3C0C5+1163461]
Ordinal0 [0x00A3990F+1153295]
Ordinal0 [0x00A6994F+1349967]
Ordinal0 [0x00A695BA+1349050]
Ordinal0 [0x00A654BB+1332411]
Ordinal0 [0x00A41D14+1187092]
Ordinal0 [0x00A42B79+1190777]
GetHandleVerifier [0x00D00C56+1501718]
GetHandleVerifier [0x00DAE97F+2213695]
GetHandleVerifier [0x00C08C92+485970]
GetHandleVerifier [0x00C07D59+482073]
Ordinal0 [0x00B2471D+2115357]
Ordinal0 [0x00B28678+2131576]
Ordinal0 [0x00B287B2+2131890]
Ordinal0 [0x00B31971+2169201]
BaseThreadInitThunk [0x772900F9+25]
RtlGetAppContainerNamedObjectPath [0x77C67BBE+286]
RtlGetAppContainerNamedObjectPath [0x77C67B8E+238]
]]>
            </message>
            <full-stacktrace>
              <![CDATA[org.openqa.selenium.SessionNotCreatedException: session not created: This version of ChromeDriver only supports Chrome version 92
Current browser version is 111.0.5563.111 with binary path C:\Program Files\Google\Chrome\Application\chrome.exe
Build info: version: '3.141.59', revision: 'e82be7d358', time: '2018-11-14T08:17:03'
System info: host: 'DESKTOP-L0UKPJR', ip: '172.20.10.13', os.name: 'Windows 10', os.arch: 'amd64', os.version: '10.0', java.version: '1.8.0_251'
Driver info: driver.version: ChromeDriver
remote stacktrace: Backtrace:
Ordinal0 [0x00B85843+2512963]
Ordinal0 [0x00B1EED1+2092753]
Ordinal0 [0x00A21F48+1056584]
Ordinal0 [0x00A401AA+1180074]
Ordinal0 [0x00A3C0C5+1163461]
Ordinal0 [0x00A3990F+1153295]
Ordinal0 [0x00A6994F+1349967]
Ordinal0 [0x00A695BA+1349050]
Ordinal0 [0x00A654BB+1332411]
Ordinal0 [0x00A41D14+1187092]
Ordinal0 [0x00A42B79+1190777]
GetHandleVerifier [0x00D00C56+1501718]
GetHandleVerifier [0x00DAE97F+2213695]
GetHandleVerifier [0x00C08C92+485970]
GetHandleVerifier [0x00C07D59+482073]
Ordinal0 [0x00B2471D+2115357]
Ordinal0 [0x00B28678+2131576]
Ordinal0 [0x00B287B2+2131890]
Ordinal0 [0x00B31971+2169201]
BaseThreadInitThunk [0x772900F9+25]
RtlGetAppContainerNamedObjectPath [0x77C67BBE+286]
RtlGetAppContainerNamedObjectPath [0x77C67B8E+238]

at sun.reflect.NativeConstructorAccessorImpl.newInstance0(Native Method)
at sun.reflect.NativeConstructorAccessorImpl.newInstance(NativeConstructorAccessorImpl.java:62)
at sun.reflect.DelegatingConstructorAccessorImpl.newInstance(DelegatingConstructorAccessorImpl.java:45)
at java.lang.reflect.Constructor.newInstance(Constructor.java:423)
at org.openqa.selenium.remote.W3CHandshakeResponse.lambda$errorHandler$0(W3CHandshakeResponse.java:62)
at org.openqa.selenium.remote.HandshakeResponse.lambda$getResponseFunction$0(HandshakeResponse.java:30)
at org.openqa.selenium.remote.ProtocolHandshake.lambda$createSession$0(ProtocolHandshake.java:126)
at java.util.stream.ReferencePipeline$3$1.accept(ReferencePipeline.java:193)
at java.util.Spliterators$ArraySpliterator.tryAdvance(Spliterators.java:958)
at java.util.stream.ReferencePipeline.forEachWithCancel(ReferencePipeline.java:126)
at java.util.stream.AbstractPipeline.copyIntoWithCancel(AbstractPipeline.java:499)
at java.util.stream.AbstractPipeline.copyInto(AbstractPipeline.java:486)
at java.util.stream.AbstractPipeline.wrapAndCopyInto(AbstractPipeline.java:472)
at java.util.stream.FindOps$FindOp.evaluateSequential(FindOps.java:152)
at java.util.stream.AbstractPipeline.evaluate(AbstractPipeline.java:234)
at java.util.stream.ReferencePipeline.findFirst(ReferencePipeline.java:464)
at org.openqa.selenium.remote.ProtocolHandshake.createSession(ProtocolHandshake.java:128)
at org.openqa.selenium.remote.ProtocolHandshake.createSession(ProtocolHandshake.java:74)
at org.openqa.selenium.remote.HttpCommandExecutor.execute(HttpCommandExecutor.java:136)
at org.openqa.selenium.remote.service.DriverCommandExecutor.execute(DriverCommandExecutor.java:83)
at org.openqa.selenium.remote.RemoteWebDriver.execute(RemoteWebDriver.java:552)
at org.openqa.selenium.remote.RemoteWebDriver.startSession(RemoteWebDriver.java:213)
at org.openqa.selenium.remote.RemoteWebDriver.<init>(RemoteWebDriver.java:131)
at org.openqa.selenium.chrome.ChromeDriver.<init>(ChromeDriver.java:181)
at org.openqa.selenium.chrome.ChromeDriver.<init>(ChromeDriver.java:168)
at org.openqa.selenium.chrome.ChromeDriver.<init>(ChromeDriver.java:123)
at utilities.TestBase.setUp(TestBase.java:18)
at sun.reflect.NativeMethodAccessorImpl.invoke0(Native Method)
at sun.reflect.NativeMethodAccessorImpl.invoke(NativeMethodAccessorImpl.java:62)
at sun.reflect.DelegatingMethodAccessorImpl.invoke(DelegatingMethodAccessorImpl.java:43)
at java.lang.reflect.Method.invoke(Method.java:498)
at org.testng.internal.MethodInvocationHelper.invokeMethod(MethodInvocationHelper.java:133)
at org.testng.internal.MethodInvocationHelper.invokeMethodConsideringTimeout(MethodInvocationHelper.java:62)
at org.testng.internal.ConfigInvoker.invokeConfigurationMethod(ConfigInvoker.java:385)
at org.testng.internal.ConfigInvoker.invokeConfigurations(ConfigInvoker.java:321)
at org.testng.SuiteRunner.privateRun(SuiteRunner.java:317)
at org.testng.SuiteRunner.run(SuiteRunner.java:276)
at org.testng.SuiteRunnerWorker.runSuite(SuiteRunnerWorker.java:53)
at org.testng.SuiteRunnerWorker.run(SuiteRunnerWorker.java:96)
at org.testng.TestNG.runSuitesSequentially(TestNG.java:1212)
at org.testng.TestNG.runSuitesLocally(TestNG.java:1134)
at org.testng.TestNG.runSuites(TestNG.java:1063)
at org.testng.TestNG.run(TestNG.java:1031)
at org.testng.remote.AbstractRemoteTestNG.run(AbstractRemoteTestNG.java:115)
at org.testng.remote.RemoteTestNG.initAndRun(RemoteTestNG.java:251)
at org.testng.remote.RemoteTestNG.main(RemoteTestNG.java:77)
]]>
            </full-stacktrace>
          </exception> <!-- org.openqa.selenium.SessionNotCreatedException -->
          <reporter-output>
          </reporter-output>
        </test-method> <!-- fensterWechselnTest -->
        <test-method status="SKIP" signature="quitDriver()[pri:0, instance:testCases.FensterWechseln@55a1c291]" name="quitDriver" is-config="true" duration-ms="-1679838311935" started-at="2023-03-26T15:45:11 MESZ" finished-at="1970-01-01T01:00:00 MEZ">
          <reporter-output>
          </reporter-output>
        </test-method> <!-- quitDriver -->
      </class> <!-- testCases.FensterWechseln -->
    </test> <!-- Default test -->
  </suite> <!-- Default suite -->
</testng-results>
